<?xml version="1.0" encoding="UTF-8"?>
<!-- Generated by org.testng.reporters.JUnitReportReporter -->
<testsuite failures="0" tests="6" name="api.test.DataDrivenTest" time="2.046" errors="0" timestamp="2023-08-13T03:49:09 UTC" skipped="0">
  <testcase classname="api.test.DataDrivenTest" name="testPostUser" time="0.151"/>
  <testcase classname="api.test.DataDrivenTest" name="testPostUser" time="1.346"/>
  <testcase classname="api.test.DataDrivenTest" name="testPostUser" time="0.133"/>
  <testcase classname="api.test.DataDrivenTest" name="testDeleteUserByName" time="0.145"/>
  <testcase classname="api.test.DataDrivenTest" name="testDeleteUserByName" time="0.142"/>
  <testcase classname="api.test.DataDrivenTest" name="testDeleteUserByName" time="0.129"/>
</testsuite> <!-- api.test.DataDrivenTest -->
